Using pre-set license
Built from '2020.3/release' branch; Version is '2020.3.12f1 (b3b2c6512326) revision 11776710'; Using compiler version '192528614'; Build Type 'Release'
OS: 'Windows 10 Home Single Language; OS build 19042.1052; Version 2009; 64bit' Language: 'en' Physical Memory: 16180 MB
BatchMode: 1, IsHumanControllingUs: 0, StartBugReporterOnCrash: 0, Is64bit: 1, IsPro: 0

 COMMAND LINE ARGUMENTS:
C:\Program Files\Unity\Hub\Editor\2020.3.12f1\Editor\Unity.exe
-adb2
-batchMode
-noUpm
-name
AssetImportWorker0
-projectPath
D:/UnityMultiplayerSpaceShooter
-logFile
Logs/AssetImportWorker0.log
-srvPort
49888
Successfully changed project path to: D:/UnityMultiplayerSpaceShooter
D:/UnityMultiplayerSpaceShooter
Using Asset Import Pipeline V2.
Refreshing native plugins compatible for Editor in 60.12 ms, found 2 plugins.
Preloading 0 native plugins for Editor in 0.00 ms.
Initialize engine version: 2020.3.12f1 (b3b2c6512326)
[Subsystems] Discovering subsystems at path C:/Program Files/Unity/Hub/Editor/2020.3.12f1/Editor/Data/Resources/UnitySubsystems
[Subsystems] Discovering subsystems at path D:/UnityMultiplayerSpaceShooter/Assets
GfxDevice: creating device client; threaded=0
Direct3D:
    Version:  Direct3D 11.0 [level 11.1]
    Renderer: Intel(R) UHD Graphics (ID=0x9b41)
    Vendor:   
    VRAM:     8090 MB
    Driver:   27.20.100.8729
Initialize mono
Mono path[0] = 'C:/Program Files/Unity/Hub/Editor/2020.3.12f1/Editor/Data/Managed'
Mono path[1] = 'C:/Program Files/Unity/Hub/Editor/2020.3.12f1/Editor/Data/MonoBleedingEdge/lib/mono/unityjit'
Mono config path = 'C:/Program Files/Unity/Hub/Editor/2020.3.12f1/Editor/Data/MonoBleedingEdge/etc'
Using monoOptions --debugger-agent=transport=dt_socket,embedding=1,server=y,suspend=n,address=127.0.0.1:56252
Begin MonoManager ReloadAssembly
Registering precompiled unity dll's ...
Register platform support module: C:/Program Files/Unity/Hub/Editor/2020.3.12f1/Editor/Data/PlaybackEngines/WebGLSupport/UnityEditor.WebGL.Extensions.dll
Register platform support module: C:/Program Files/Unity/Hub/Editor/2020.3.12f1/Editor/Data/PlaybackEngines/WindowsStandaloneSupport/UnityEditor.WindowsStandalone.Extensions.dll
Registered in 0.010300 seconds.
Native extension for WindowsStandalone target not found
Native extension for WebGL target not found
Refreshing native plugins compatible for Editor in 75.79 ms, found 2 plugins.
Preloading 0 native plugins for Editor in 0.00 ms.
Mono: successfully reloaded assembly
- Completed reload, in  3.041 seconds
Platform modules already initialized, skipping
Registering precompiled user dll's ...
Registered in 0.010997 seconds.
Begin MonoManager ReloadAssembly
Native extension for WindowsStandalone target not found
Native extension for WebGL target not found
Refreshing native plugins compatible for Editor in 0.58 ms, found 2 plugins.
Preloading 0 native plugins for Editor in 0.00 ms.
Find all reader and writers took 137 milliseconds
Script Module: UnityEngine.TestRunner.dll
Pass: 0 took 20 milliseconds
Pass: 1 took 13 milliseconds
Find all reader and writers took 120 milliseconds
Script Module: Unity.Timeline.dll
Pass: 0 took 9 milliseconds
Pass: 1 took 2 milliseconds
Find all reader and writers took 125 milliseconds
Script Module: UnityEngine.UI.dll
Pass: 0 took 9 milliseconds
Pass: 1 took 15 milliseconds
Find all reader and writers took 128 milliseconds
Script Module: Mirror.Components.dll
Pass: 0 took 9 milliseconds
[ServerRequest] MessageClassProcessor Start
[ServerRequest]   GenerateSerialization
[ServerRequest]   GenerateDeserialization
[ServerRequest] MessageClassProcessor Done
[ServerResponse] MessageClassProcessor Start
[ServerResponse]   GenerateSerialization
[ServerResponse]   GenerateDeserialization
[ServerResponse] MessageClassProcessor Done
Pass: 1 took 35 milliseconds
  ProcessSitesModule Mirror.Components.dll elapsed time:00:00:00.0420098
Find all reader and writers took 114 milliseconds
Script Module: Unity.TextMeshPro.dll
Pass: 0 took 31 milliseconds
Pass: 1 took 10 milliseconds
Find all reader and writers took 119 milliseconds
Script Module: Ninja.WebSockets.dll
Pass: 0 took 0 milliseconds
Pass: 1 took 0 milliseconds
Find all reader and writers took 119 milliseconds
Script Module: Mirror.Authenticators.dll
Pass: 0 took 9 milliseconds
[AuthRequestMessage] MessageClassProcessor Start
[AuthRequestMessage]   GenerateSerialization
[AuthRequestMessage]   GenerateDeserialization
[AuthRequestMessage] MessageClassProcessor Done
[AuthResponseMessage] MessageClassProcessor Start
[AuthResponseMessage]   GenerateSerialization
[AuthResponseMessage]   GenerateDeserialization
[AuthResponseMessage] MessageClassProcessor Done
Pass: 1 took 1 milliseconds
  ProcessSitesModule Mirror.Authenticators.dll elapsed time:00:00:00.0019930
Find all reader and writers took 108 milliseconds
Script Module: Assembly-CSharp.dll
Pass: 0 took 5 milliseconds
Pass: 1 took 0 milliseconds
Find all reader and writers took 122 milliseconds
Script Module: UnityEditor.TestRunner.dll
Pass: 0 took 37 milliseconds
Pass: 1 took 2 milliseconds
Find all reader and writers took 106 milliseconds
Script Module: UnityEditor.UI.dll
Pass: 0 took 40 milliseconds
Pass: 1 took 1 milliseconds
Find all reader and writers took 73 milliseconds
Script Module: Mirror.CompilerSymbols.dll
Pass: 0 took 0 milliseconds
Pass: 1 took 0 milliseconds
Mono: successfully reloaded assembly
- Completed reload, in  6.751 seconds
Platform modules already initialized, skipping
========================================================================
Worker process is ready to serve import requests
Launched and connected shader compiler UnityShaderCompiler.exe after 0.11 seconds
Refreshing native plugins compatible for Editor in 0.79 ms, found 2 plugins.
Preloading 0 native plugins for Editor in 0.00 ms.
Unloading 1563 Unused Serialized files (Serialized files now loaded: 0)
System memory in use before: 70.0 MB.
System memory in use after: 70.1 MB.

Unloading 24 unused Assets to reduce memory usage. Loaded Objects now: 1991.
Total: 13.533500 ms (FindLiveObjects: 0.342500 ms CreateObjectMapping: 0.132000 ms MarkObjects: 12.900900 ms  DeleteObjects: 0.155300 ms)

AssetImportParameters requested are different than current active one (requested -> active):
  custom:framework-win-MediaFoundation: 216162199b28c13a410421893ffa2e32 -> 
  custom:video-decoder-ogg-theora: a1e56fd34408186e4bbccfd4996cb3dc -> 
  custom:container-muxer-webm: aa71ff27fc2769a1b78a27578f13a17b -> 
  custom:container-demuxer-webm: 4f35f7cbe854078d1ac9338744f61a02 -> 
  custom:container-demuxer-ogg: 62fdf1f143b41e24485cea50d1cbac27 -> 
  custom:video-encoder-webm-vp8: eb34c28f22e8b96e1ab97ce403110664 -> 
  custom:video-codec-MediaFoundation-h265: 746d11721c4dcdbdad8f713fa42b33f4 -> 
  custom:video-decoder-webm-vp8: 9c59270c3fd7afecdb556c50c9e8de78 -> 
  custom:audio-decoder-ogg-vorbis: bf7c407c2cedff20999df2af8eb42d56 -> 
  custom:audio-encoder-webm-vorbis: bf7c407c2cedff20999df2af8eb42d56 -> 
========================================================================
Received Import Request.
  path: Assets/Sprites/space.png
  artifactKey: Guid(1a0ef068d34e92d40a3ad9c75cfe4d4e) Importer(815301076,1909f56bfc062723c751e8b465ee728b)
Start importing Assets/Sprites/space.png using Guid(1a0ef068d34e92d40a3ad9c75cfe4d4e) Importer(815301076,1909f56bfc062723c751e8b465ee728b)  -> (artifact id: '8017f574574287785adf20e9d135961b') in 0.264885 seconds 
  Import took 0.270963 seconds .

========================================================================
Received Import Request.
  Time since last request: 0.000538 seconds.
  path: Assets/Mirror/Icon/MirrorIcon.png
  artifactKey: Guid(7453abfe9e8b2c04a8a47eb536fe21eb) Importer(815301076,1909f56bfc062723c751e8b465ee728b)
Start importing Assets/Mirror/Icon/MirrorIcon.png using Guid(7453abfe9e8b2c04a8a47eb536fe21eb) Importer(815301076,1909f56bfc062723c751e8b465ee728b)  -> (artifact id: '33cda58190b779acb23f2a386951d536') in 0.014879 seconds 
  Import took 0.020717 seconds .

========================================================================
Received Prepare
Refreshing native plugins compatible for Editor in 6.77 ms, found 2 plugins.
Preloading 0 native plugins for Editor in 0.00 ms.
Unloading 17 Unused Serialized files (Serialized files now loaded: 0)
System memory in use before: 42.4 MB.
System memory in use after: 42.6 MB.

Unloading 17 unused Assets to reduce memory usage. Loaded Objects now: 1998.
Total: 8.222900 ms (FindLiveObjects: 0.224700 ms CreateObjectMapping: 0.084700 ms MarkObjects: 7.875900 ms  DeleteObjects: 0.035900 ms)

AssetImportParameters requested are different than current active one (requested -> active):
  custom:framework-win-MediaFoundation: 216162199b28c13a410421893ffa2e32 -> 
  custom:video-decoder-ogg-theora: a1e56fd34408186e4bbccfd4996cb3dc -> 
  custom:container-muxer-webm: aa71ff27fc2769a1b78a27578f13a17b -> 
  custom:container-demuxer-webm: 4f35f7cbe854078d1ac9338744f61a02 -> 
  custom:container-demuxer-ogg: 62fdf1f143b41e24485cea50d1cbac27 -> 
  custom:video-encoder-webm-vp8: eb34c28f22e8b96e1ab97ce403110664 -> 
  custom:video-codec-MediaFoundation-h265: 746d11721c4dcdbdad8f713fa42b33f4 -> 
  custom:video-decoder-webm-vp8: 9c59270c3fd7afecdb556c50c9e8de78 -> 
  custom:audio-decoder-ogg-vorbis: bf7c407c2cedff20999df2af8eb42d56 -> 
  custom:audio-encoder-webm-vorbis: bf7c407c2cedff20999df2af8eb42d56 -> 
========================================================================
Received Import Request.
  Time since last request: 940.195959 seconds.
  path: Assets/Sprites/coronavirus_0.png
  artifactKey: Guid(adba24fa147e55343946904c21537339) Importer(815301076,1909f56bfc062723c751e8b465ee728b)
Start importing Assets/Sprites/coronavirus_0.png using Guid(adba24fa147e55343946904c21537339) Importer(815301076,1909f56bfc062723c751e8b465ee728b)  -> (artifact id: '43cd40e94ae7f8356ab514c22f7ca275') in 0.045090 seconds 
  Import took 0.056654 seconds .

AssetImportWorkerClient::OnTransportError - code=2 error=End of file
